{"uid":"22ed334faa1d19fd","name":"Create an Order","fullName":"Order Tests as Customer - Bulky Web App: Create an Order","historyId":"da3d1ee654ee57df75c80c24901df0cd","time":{"start":1686844405271,"stop":1686844451458,"duration":46187},"status":"broken","statusMessage":"element click intercepted: Element is not clickable at point (1593, 615)\n  (Session info: chrome=114.0.5735.110)\nBuild info: version: '4.9.0', revision: 'd7057100a6'\nSystem info: os.name: 'Windows 11', os.arch: 'amd64', os.version: '10.0', java.version: '20.0.1'\nDriver info: org.openqa.selenium.chrome.ChromeDriver\nCommand: [328de6e905659e14b9a7c84f09f77d8e, clickElement {id=2DCD952D19C309316505A300230168A3_element_177}]\nCapabilities {acceptInsecureCerts: false, browserName: chrome, browserVersion: 114.0.5735.110, chrome: {chromedriverVersion: 114.0.5735.90 (386bc09e8f4f..., userDataDir: C:\\Users\\Jack\\AppData\\Local...}, goog:chromeOptions: {debuggerAddress: localhost:56962}, networkConnectionEnabled: false, pageLoadStrategy: normal, platformName: WINDOWS, proxy: Proxy(), se:cdp: ws://localhost:56962/devtoo..., se:cdpVersion: 114.0.5735.110, setWindowRect: true, strictFileInteractability: false, timeouts: {implicit: 0, pageLoad: 300000, script: 30000}, unhandledPromptBehavior: dismiss and notify, webauthn:extension:credBlob: true, webauthn:extension:largeBlob: true, webauthn:extension:minPinLength: true, webauthn:extension:prf: true, webauthn:virtualAuthenticators: true}\nElement: [[ChromeDriver: chrome on WINDOWS (328de6e905659e14b9a7c84f09f77d8e)] -> xpath: //button[contains(text(),'Place Order')]]\nSession ID: 328de6e905659e14b9a7c84f09f77d8e","statusTrace":"org.openqa.selenium.ElementClickInterceptedException: element click intercepted: Element is not clickable at point (1593, 615)\n  (Session info: chrome=114.0.5735.110)\nBuild info: version: '4.9.0', revision: 'd7057100a6'\nSystem info: os.name: 'Windows 11', os.arch: 'amd64', os.version: '10.0', java.version: '20.0.1'\nDriver info: org.openqa.selenium.chrome.ChromeDriver\nCommand: [328de6e905659e14b9a7c84f09f77d8e, clickElement {id=2DCD952D19C309316505A300230168A3_element_177}]\nCapabilities {acceptInsecureCerts: false, browserName: chrome, browserVersion: 114.0.5735.110, chrome: {chromedriverVersion: 114.0.5735.90 (386bc09e8f4f..., userDataDir: C:\\Users\\Jack\\AppData\\Local...}, goog:chromeOptions: {debuggerAddress: localhost:56962}, networkConnectionEnabled: false, pageLoadStrategy: normal, platformName: WINDOWS, proxy: Proxy(), se:cdp: ws://localhost:56962/devtoo..., se:cdpVersion: 114.0.5735.110, setWindowRect: true, strictFileInteractability: false, timeouts: {implicit: 0, pageLoad: 300000, script: 30000}, unhandledPromptBehavior: dismiss and notify, webauthn:extension:credBlob: true, webauthn:extension:largeBlob: true, webauthn:extension:minPinLength: true, webauthn:extension:prf: true, webauthn:virtualAuthenticators: true}\nElement: [[ChromeDriver: chrome on WINDOWS (328de6e905659e14b9a7c84f09f77d8e)] -> xpath: //button[contains(text(),'Place Order')]]\nSession ID: 328de6e905659e14b9a7c84f09f77d8e\r\n\tat java.base/jdk.internal.reflect.DirectConstructorHandleAccessor.newInstance(DirectConstructorHandleAccessor.java:67)\r\n\tat java.base/java.lang.reflect.Constructor.newInstanceWithCaller(Constructor.java:500)\r\n\tat java.base/java.lang.reflect.Constructor.newInstance(Constructor.java:484)\r\n\tat org.openqa.selenium.remote.codec.w3c.W3CHttpResponseCodec.createException(W3CHttpResponseCodec.java:200)\r\n\tat org.openqa.selenium.remote.codec.w3c.W3CHttpResponseCodec.decode(W3CHttpResponseCodec.java:133)\r\n\tat org.openqa.selenium.remote.codec.w3c.W3CHttpResponseCodec.decode(W3CHttpResponseCodec.java:53)\r\n\tat org.openqa.selenium.remote.HttpCommandExecutor.execute(HttpCommandExecutor.java:193)\r\n\tat org.openqa.selenium.remote.service.DriverCommandExecutor.invokeExecute(DriverCommandExecutor.java:183)\r\n\tat org.openqa.selenium.remote.service.DriverCommandExecutor.execute(DriverCommandExecutor.java:158)\r\n\tat org.openqa.selenium.remote.RemoteWebDriver.execute(RemoteWebDriver.java:543)\r\n\tat org.openqa.selenium.remote.RemoteWebElement.execute(RemoteWebElement.java:257)\r\n\tat org.openqa.selenium.remote.RemoteWebElement.click(RemoteWebElement.java:78)\r\n\tat ui.utilities.UiHelperMethods.clickElement(UiHelperMethods.java:29)\r\n\tat ui.pages.OrderSummaryPage.clickPlaceOrderBtn(OrderSummaryPage.java:19)\r\n\tat ui.stepDefinitions.OrderSummarySteps.clickThePlaceOrderBtn(OrderSummarySteps.java:23)\r\n\tat ✽.I click the Place Order button on the order summary page(file:///C:/Users/Jack/javaWorkspace/AutomationProject/src/main/features/UI/OrderTests.feature:13)\r\n","flaky":false,"newFailed":false,"newBroken":false,"newPassed":false,"retriesCount":0,"retriesStatusChange":false,"beforeStages":[{"name":"ui.stepDefinitions.ContextSteps.setUp()","time":{"start":1686844405279,"stop":1686844408864,"duration":3585},"status":"passed","steps":[],"attachments":[],"parameters":[],"stepsCount":0,"hasContent":false,"attachmentsCount":0,"shouldDisplayMessage":false}],"testStage":{"status":"broken","statusMessage":"element click intercepted: Element is not clickable at point (1593, 615)\n  (Session info: chrome=114.0.5735.110)\nBuild info: version: '4.9.0', revision: 'd7057100a6'\nSystem info: os.name: 'Windows 11', os.arch: 'amd64', os.version: '10.0', java.version: '20.0.1'\nDriver info: org.openqa.selenium.chrome.ChromeDriver\nCommand: [328de6e905659e14b9a7c84f09f77d8e, clickElement {id=2DCD952D19C309316505A300230168A3_element_177}]\nCapabilities {acceptInsecureCerts: false, browserName: chrome, browserVersion: 114.0.5735.110, chrome: {chromedriverVersion: 114.0.5735.90 (386bc09e8f4f..., userDataDir: C:\\Users\\Jack\\AppData\\Local...}, goog:chromeOptions: {debuggerAddress: localhost:56962}, networkConnectionEnabled: false, pageLoadStrategy: normal, platformName: WINDOWS, proxy: Proxy(), se:cdp: ws://localhost:56962/devtoo..., se:cdpVersion: 114.0.5735.110, setWindowRect: true, strictFileInteractability: false, timeouts: {implicit: 0, pageLoad: 300000, script: 30000}, unhandledPromptBehavior: dismiss and notify, webauthn:extension:credBlob: true, webauthn:extension:largeBlob: true, webauthn:extension:minPinLength: true, webauthn:extension:prf: true, webauthn:virtualAuthenticators: true}\nElement: [[ChromeDriver: chrome on WINDOWS (328de6e905659e14b9a7c84f09f77d8e)] -> xpath: //button[contains(text(),'Place Order')]]\nSession ID: 328de6e905659e14b9a7c84f09f77d8e","statusTrace":"org.openqa.selenium.ElementClickInterceptedException: element click intercepted: Element is not clickable at point (1593, 615)\n  (Session info: chrome=114.0.5735.110)\nBuild info: version: '4.9.0', revision: 'd7057100a6'\nSystem info: os.name: 'Windows 11', os.arch: 'amd64', os.version: '10.0', java.version: '20.0.1'\nDriver info: org.openqa.selenium.chrome.ChromeDriver\nCommand: [328de6e905659e14b9a7c84f09f77d8e, clickElement {id=2DCD952D19C309316505A300230168A3_element_177}]\nCapabilities {acceptInsecureCerts: false, browserName: chrome, browserVersion: 114.0.5735.110, chrome: {chromedriverVersion: 114.0.5735.90 (386bc09e8f4f..., userDataDir: C:\\Users\\Jack\\AppData\\Local...}, goog:chromeOptions: {debuggerAddress: localhost:56962}, networkConnectionEnabled: false, pageLoadStrategy: normal, platformName: WINDOWS, proxy: Proxy(), se:cdp: ws://localhost:56962/devtoo..., se:cdpVersion: 114.0.5735.110, setWindowRect: true, strictFileInteractability: false, timeouts: {implicit: 0, pageLoad: 300000, script: 30000}, unhandledPromptBehavior: dismiss and notify, webauthn:extension:credBlob: true, webauthn:extension:largeBlob: true, webauthn:extension:minPinLength: true, webauthn:extension:prf: true, webauthn:virtualAuthenticators: true}\nElement: [[ChromeDriver: chrome on WINDOWS (328de6e905659e14b9a7c84f09f77d8e)] -> xpath: //button[contains(text(),'Place Order')]]\nSession ID: 328de6e905659e14b9a7c84f09f77d8e\r\n\tat java.base/jdk.internal.reflect.DirectConstructorHandleAccessor.newInstance(DirectConstructorHandleAccessor.java:67)\r\n\tat java.base/java.lang.reflect.Constructor.newInstanceWithCaller(Constructor.java:500)\r\n\tat java.base/java.lang.reflect.Constructor.newInstance(Constructor.java:484)\r\n\tat org.openqa.selenium.remote.codec.w3c.W3CHttpResponseCodec.createException(W3CHttpResponseCodec.java:200)\r\n\tat org.openqa.selenium.remote.codec.w3c.W3CHttpResponseCodec.decode(W3CHttpResponseCodec.java:133)\r\n\tat org.openqa.selenium.remote.codec.w3c.W3CHttpResponseCodec.decode(W3CHttpResponseCodec.java:53)\r\n\tat org.openqa.selenium.remote.HttpCommandExecutor.execute(HttpCommandExecutor.java:193)\r\n\tat org.openqa.selenium.remote.service.DriverCommandExecutor.invokeExecute(DriverCommandExecutor.java:183)\r\n\tat org.openqa.selenium.remote.service.DriverCommandExecutor.execute(DriverCommandExecutor.java:158)\r\n\tat org.openqa.selenium.remote.RemoteWebDriver.execute(RemoteWebDriver.java:543)\r\n\tat org.openqa.selenium.remote.RemoteWebElement.execute(RemoteWebElement.java:257)\r\n\tat org.openqa.selenium.remote.RemoteWebElement.click(RemoteWebElement.java:78)\r\n\tat ui.utilities.UiHelperMethods.clickElement(UiHelperMethods.java:29)\r\n\tat ui.pages.OrderSummaryPage.clickPlaceOrderBtn(OrderSummaryPage.java:19)\r\n\tat ui.stepDefinitions.OrderSummarySteps.clickThePlaceOrderBtn(OrderSummarySteps.java:23)\r\n\tat ✽.I click the Place Order button on the order summary page(file:///C:/Users/Jack/javaWorkspace/AutomationProject/src/main/features/UI/OrderTests.feature:13)\r\n","steps":[{"name":"Given  I open the web app \"https://bulkymvc-jack.azurewebsites.net/\"","time":{"start":1686844408871,"stop":1686844414721,"duration":5850},"status":"passed","steps":[],"attachments":[],"parameters":[],"stepsCount":0,"hasContent":false,"attachmentsCount":0,"shouldDisplayMessage":false},{"name":"Given  I click the login link","time":{"start":1686844414723,"stop":1686844416415,"duration":1692},"status":"passed","steps":[],"attachments":[],"parameters":[],"stepsCount":0,"hasContent":false,"attachmentsCount":0,"shouldDisplayMessage":false},{"name":"Given  I enter the username \"customer@email.com\" and password \"Test123!\"","time":{"start":1686844416416,"stop":1686844417861,"duration":1445},"status":"passed","steps":[],"attachments":[],"parameters":[],"stepsCount":0,"hasContent":false,"attachmentsCount":0,"shouldDisplayMessage":false},{"name":"Given  I click the details button for product \"Fortune of Time\"","time":{"start":1686844417862,"stop":1686844419101,"duration":1239},"status":"passed","steps":[],"attachments":[],"parameters":[],"stepsCount":0,"hasContent":false,"attachmentsCount":0,"shouldDisplayMessage":false},{"name":"Given  I set the count to \"4\"","time":{"start":1686844419102,"stop":1686844419341,"duration":239},"status":"passed","steps":[],"attachments":[],"parameters":[],"stepsCount":0,"hasContent":false,"attachmentsCount":0,"shouldDisplayMessage":false},{"name":"Given  I click the Add To Cart button","time":{"start":1686844419342,"stop":1686844420669,"duration":1327},"status":"passed","steps":[],"attachments":[],"parameters":[],"stepsCount":0,"hasContent":false,"attachmentsCount":0,"shouldDisplayMessage":false},{"name":"Given  I click the cart icon","time":{"start":1686844420670,"stop":1686844421095,"duration":425},"status":"passed","steps":[],"attachments":[],"parameters":[],"stepsCount":0,"hasContent":false,"attachmentsCount":0,"shouldDisplayMessage":false},{"name":"Given  I click the Summary button on the shopping cart page","time":{"start":1686844421096,"stop":1686844421450,"duration":354},"status":"passed","steps":[],"attachments":[],"parameters":[],"stepsCount":0,"hasContent":false,"attachmentsCount":0,"shouldDisplayMessage":false},{"name":"Given  I click the Place Order button on the order summary page","time":{"start":1686844421450,"stop":1686844449862,"duration":28412},"status":"broken","statusMessage":"element click intercepted: Element is not clickable at point (1593, 615)\n  (Session info: chrome=114.0.5735.110)\nBuild info: version: '4.9.0', revision: 'd7057100a6'\nSystem info: os.name: 'Windows 11', os.arch: 'amd64', os.version: '10.0', java.version: '20.0.1'\nDriver info: org.openqa.selenium.chrome.ChromeDriver\nCommand: [328de6e905659e14b9a7c84f09f77d8e, clickElement {id=2DCD952D19C309316505A300230168A3_element_177}]\nCapabilities {acceptInsecureCerts: false, browserName: chrome, browserVersion: 114.0.5735.110, chrome: {chromedriverVersion: 114.0.5735.90 (386bc09e8f4f..., userDataDir: C:\\Users\\Jack\\AppData\\Local...}, goog:chromeOptions: {debuggerAddress: localhost:56962}, networkConnectionEnabled: false, pageLoadStrategy: normal, platformName: WINDOWS, proxy: Proxy(), se:cdp: ws://localhost:56962/devtoo..., se:cdpVersion: 114.0.5735.110, setWindowRect: true, strictFileInteractability: false, timeouts: {implicit: 0, pageLoad: 300000, script: 30000}, unhandledPromptBehavior: dismiss and notify, webauthn:extension:credBlob: true, webauthn:extension:largeBlob: true, webauthn:extension:minPinLength: true, webauthn:extension:prf: true, webauthn:virtualAuthenticators: true}\nElement: [[ChromeDriver: chrome on WINDOWS (328de6e905659e14b9a7c84f09f77d8e)] -> xpath: //button[contains(text(),'Place Order')]]\nSession ID: 328de6e905659e14b9a7c84f09f77d8e","statusTrace":"org.openqa.selenium.ElementClickInterceptedException: element click intercepted: Element is not clickable at point (1593, 615)\n  (Session info: chrome=114.0.5735.110)\nBuild info: version: '4.9.0', revision: 'd7057100a6'\nSystem info: os.name: 'Windows 11', os.arch: 'amd64', os.version: '10.0', java.version: '20.0.1'\nDriver info: org.openqa.selenium.chrome.ChromeDriver\nCommand: [328de6e905659e14b9a7c84f09f77d8e, clickElement {id=2DCD952D19C309316505A300230168A3_element_177}]\nCapabilities {acceptInsecureCerts: false, browserName: chrome, browserVersion: 114.0.5735.110, chrome: {chromedriverVersion: 114.0.5735.90 (386bc09e8f4f..., userDataDir: C:\\Users\\Jack\\AppData\\Local...}, goog:chromeOptions: {debuggerAddress: localhost:56962}, networkConnectionEnabled: false, pageLoadStrategy: normal, platformName: WINDOWS, proxy: Proxy(), se:cdp: ws://localhost:56962/devtoo..., se:cdpVersion: 114.0.5735.110, setWindowRect: true, strictFileInteractability: false, timeouts: {implicit: 0, pageLoad: 300000, script: 30000}, unhandledPromptBehavior: dismiss and notify, webauthn:extension:credBlob: true, webauthn:extension:largeBlob: true, webauthn:extension:minPinLength: true, webauthn:extension:prf: true, webauthn:virtualAuthenticators: true}\nElement: [[ChromeDriver: chrome on WINDOWS (328de6e905659e14b9a7c84f09f77d8e)] -> xpath: //button[contains(text(),'Place Order')]]\nSession ID: 328de6e905659e14b9a7c84f09f77d8e\r\n\tat java.base/jdk.internal.reflect.DirectConstructorHandleAccessor.newInstance(DirectConstructorHandleAccessor.java:67)\r\n\tat java.base/java.lang.reflect.Constructor.newInstanceWithCaller(Constructor.java:500)\r\n\tat java.base/java.lang.reflect.Constructor.newInstance(Constructor.java:484)\r\n\tat org.openqa.selenium.remote.codec.w3c.W3CHttpResponseCodec.createException(W3CHttpResponseCodec.java:200)\r\n\tat org.openqa.selenium.remote.codec.w3c.W3CHttpResponseCodec.decode(W3CHttpResponseCodec.java:133)\r\n\tat org.openqa.selenium.remote.codec.w3c.W3CHttpResponseCodec.decode(W3CHttpResponseCodec.java:53)\r\n\tat org.openqa.selenium.remote.HttpCommandExecutor.execute(HttpCommandExecutor.java:193)\r\n\tat org.openqa.selenium.remote.service.DriverCommandExecutor.invokeExecute(DriverCommandExecutor.java:183)\r\n\tat org.openqa.selenium.remote.service.DriverCommandExecutor.execute(DriverCommandExecutor.java:158)\r\n\tat org.openqa.selenium.remote.RemoteWebDriver.execute(RemoteWebDriver.java:543)\r\n\tat org.openqa.selenium.remote.RemoteWebElement.execute(RemoteWebElement.java:257)\r\n\tat org.openqa.selenium.remote.RemoteWebElement.click(RemoteWebElement.java:78)\r\n\tat ui.utilities.UiHelperMethods.clickElement(UiHelperMethods.java:29)\r\n\tat ui.pages.OrderSummaryPage.clickPlaceOrderBtn(OrderSummaryPage.java:19)\r\n\tat ui.stepDefinitions.OrderSummarySteps.clickThePlaceOrderBtn(OrderSummarySteps.java:23)\r\n\tat ✽.I click the Place Order button on the order summary page(file:///C:/Users/Jack/javaWorkspace/AutomationProject/src/main/features/UI/OrderTests.feature:13)\r\n","steps":[],"attachments":[],"parameters":[],"stepsCount":0,"hasContent":true,"attachmentsCount":0,"shouldDisplayMessage":true},{"name":"When  I enter the credit card details on the stripe redirect page and click pay","time":{"start":1686844449863,"stop":1686844449864,"duration":1},"status":"skipped","steps":[],"attachments":[],"parameters":[],"stepsCount":0,"hasContent":false,"attachmentsCount":0,"shouldDisplayMessage":false},{"name":"Then  I am notified the order is placed successfully","time":{"start":1686844449865,"stop":1686844449866,"duration":1},"status":"skipped","steps":[],"attachments":[],"parameters":[],"stepsCount":0,"hasContent":false,"attachmentsCount":0,"shouldDisplayMessage":false}],"attachments":[],"parameters":[],"stepsCount":11,"hasContent":true,"attachmentsCount":0,"shouldDisplayMessage":false},"afterStages":[{"name":"ui.stepDefinitions.ContextSteps.tearDown(io.cucumber.java.Scenario)","time":{"start":1686844449868,"stop":1686844451450,"duration":1582},"status":"passed","steps":[],"attachments":[{"uid":"b054220f5f27116b","name":"./Screenshots/Create an Order_1506231654.png","source":"b054220f5f27116b.png","type":"image/png","size":25647}],"parameters":[],"stepsCount":0,"hasContent":true,"attachmentsCount":1,"shouldDisplayMessage":false}],"labels":[{"name":"tag","value":"TestNG"},{"name":"host","value":"DESKTOP-JI2ECR3"},{"name":"thread","value":"6480@DESKTOP-JI2ECR3.main(1)"},{"name":"feature","value":"Order Tests as Customer - Bulky Web App"},{"name":"story","value":"Create an Order"},{"name":"suite","value":"Order Tests as Customer - Bulky Web App"},{"name":"testClass","value":"Create an Order"},{"name":"framework","value":"cucumber4jvm"},{"name":"language","value":"java"},{"name":"gherkin_uri","value":"file:///C:/Users/Jack/javaWorkspace/AutomationProject/src/main/features/UI/OrderTests.feature"},{"name":"package","value":"src.main.features.UI.OrderTests_feature.Order Tests as Customer - Bulky Web App"},{"name":"resultFormat","value":"allure2"}],"parameters":[],"links":[],"hidden":true,"retry":true,"extra":{"categories":[],"tags":["TestNG"]},"source":"22ed334faa1d19fd.json","parameterValues":[]}