{"uid":"52a5d010aff16425","name":"Create an Order","fullName":"Order Tests as Customer - Bulky Web App: Create an Order","historyId":"da3d1ee654ee57df75c80c24901df0cd","time":{"start":1686844309428,"stop":1686844324203,"duration":14775},"status":"broken","statusMessage":"element click intercepted: Element is not clickable at point (1593, 615)\n  (Session info: chrome=114.0.5735.110)\nBuild info: version: '4.9.0', revision: 'd7057100a6'\nSystem info: os.name: 'Windows 11', os.arch: 'amd64', os.version: '10.0', java.version: '20.0.1'\nDriver info: org.openqa.selenium.chrome.ChromeDriver\nCommand: [ebd16242f25d768390358f444a34c8fa, clickElement {id=B1328A663769E4E5CC603B1AC85B4E2F_element_114}]\nCapabilities {acceptInsecureCerts: false, browserName: chrome, browserVersion: 114.0.5735.110, chrome: {chromedriverVersion: 114.0.5735.90 (386bc09e8f4f..., userDataDir: C:\\Users\\Jack\\AppData\\Local...}, goog:chromeOptions: {debuggerAddress: localhost:56852}, networkConnectionEnabled: false, pageLoadStrategy: normal, platformName: WINDOWS, proxy: Proxy(), se:cdp: ws://localhost:56852/devtoo..., se:cdpVersion: 114.0.5735.110, setWindowRect: true, strictFileInteractability: false, timeouts: {implicit: 0, pageLoad: 300000, script: 30000}, unhandledPromptBehavior: dismiss and notify, webauthn:extension:credBlob: true, webauthn:extension:largeBlob: true, webauthn:extension:minPinLength: true, webauthn:extension:prf: true, webauthn:virtualAuthenticators: true}\nElement: [[ChromeDriver: chrome on WINDOWS (ebd16242f25d768390358f444a34c8fa)] -> xpath: //button[contains(text(),'Place Order')]]\nSession ID: ebd16242f25d768390358f444a34c8fa","statusTrace":"org.openqa.selenium.ElementClickInterceptedException: element click intercepted: Element is not clickable at point (1593, 615)\n  (Session info: chrome=114.0.5735.110)\nBuild info: version: '4.9.0', revision: 'd7057100a6'\nSystem info: os.name: 'Windows 11', os.arch: 'amd64', os.version: '10.0', java.version: '20.0.1'\nDriver info: org.openqa.selenium.chrome.ChromeDriver\nCommand: [ebd16242f25d768390358f444a34c8fa, clickElement {id=B1328A663769E4E5CC603B1AC85B4E2F_element_114}]\nCapabilities {acceptInsecureCerts: false, browserName: chrome, browserVersion: 114.0.5735.110, chrome: {chromedriverVersion: 114.0.5735.90 (386bc09e8f4f..., userDataDir: C:\\Users\\Jack\\AppData\\Local...}, goog:chromeOptions: {debuggerAddress: localhost:56852}, networkConnectionEnabled: false, pageLoadStrategy: normal, platformName: WINDOWS, proxy: Proxy(), se:cdp: ws://localhost:56852/devtoo..., se:cdpVersion: 114.0.5735.110, setWindowRect: true, strictFileInteractability: false, timeouts: {implicit: 0, pageLoad: 300000, script: 30000}, unhandledPromptBehavior: dismiss and notify, webauthn:extension:credBlob: true, webauthn:extension:largeBlob: true, webauthn:extension:minPinLength: true, webauthn:extension:prf: true, webauthn:virtualAuthenticators: true}\nElement: [[ChromeDriver: chrome on WINDOWS (ebd16242f25d768390358f444a34c8fa)] -> xpath: //button[contains(text(),'Place Order')]]\nSession ID: ebd16242f25d768390358f444a34c8fa\r\n\tat java.base/jdk.internal.reflect.DirectConstructorHandleAccessor.newInstance(DirectConstructorHandleAccessor.java:67)\r\n\tat java.base/java.lang.reflect.Constructor.newInstanceWithCaller(Constructor.java:500)\r\n\tat java.base/java.lang.reflect.Constructor.newInstance(Constructor.java:484)\r\n\tat org.openqa.selenium.remote.codec.w3c.W3CHttpResponseCodec.createException(W3CHttpResponseCodec.java:200)\r\n\tat org.openqa.selenium.remote.codec.w3c.W3CHttpResponseCodec.decode(W3CHttpResponseCodec.java:133)\r\n\tat org.openqa.selenium.remote.codec.w3c.W3CHttpResponseCodec.decode(W3CHttpResponseCodec.java:53)\r\n\tat org.openqa.selenium.remote.HttpCommandExecutor.execute(HttpCommandExecutor.java:193)\r\n\tat org.openqa.selenium.remote.service.DriverCommandExecutor.invokeExecute(DriverCommandExecutor.java:183)\r\n\tat org.openqa.selenium.remote.service.DriverCommandExecutor.execute(DriverCommandExecutor.java:158)\r\n\tat org.openqa.selenium.remote.RemoteWebDriver.execute(RemoteWebDriver.java:543)\r\n\tat org.openqa.selenium.remote.RemoteWebElement.execute(RemoteWebElement.java:257)\r\n\tat org.openqa.selenium.remote.RemoteWebElement.click(RemoteWebElement.java:78)\r\n\tat ui.utilities.UiHelperMethods.clickElement(UiHelperMethods.java:29)\r\n\tat ui.pages.OrderSummaryPage.clickPlaceOrderBtn(OrderSummaryPage.java:19)\r\n\tat ui.stepDefinitions.OrderSummarySteps.clickThePlaceOrderBtn(OrderSummarySteps.java:23)\r\n\tat ✽.I click the Place Order button on the order summary page(file:///C:/Users/Jack/javaWorkspace/AutomationProject/src/main/features/UI/OrderTests.feature:13)\r\n","flaky":false,"newFailed":false,"newBroken":false,"newPassed":false,"retriesCount":0,"retriesStatusChange":false,"beforeStages":[{"name":"ui.stepDefinitions.ContextSteps.setUp()","time":{"start":1686844309434,"stop":1686844312606,"duration":3172},"status":"passed","steps":[],"attachments":[],"parameters":[],"hasContent":false,"stepsCount":0,"shouldDisplayMessage":false,"attachmentsCount":0}],"testStage":{"status":"broken","statusMessage":"element click intercepted: Element is not clickable at point (1593, 615)\n  (Session info: chrome=114.0.5735.110)\nBuild info: version: '4.9.0', revision: 'd7057100a6'\nSystem info: os.name: 'Windows 11', os.arch: 'amd64', os.version: '10.0', java.version: '20.0.1'\nDriver info: org.openqa.selenium.chrome.ChromeDriver\nCommand: [ebd16242f25d768390358f444a34c8fa, clickElement {id=B1328A663769E4E5CC603B1AC85B4E2F_element_114}]\nCapabilities {acceptInsecureCerts: false, browserName: chrome, browserVersion: 114.0.5735.110, chrome: {chromedriverVersion: 114.0.5735.90 (386bc09e8f4f..., userDataDir: C:\\Users\\Jack\\AppData\\Local...}, goog:chromeOptions: {debuggerAddress: localhost:56852}, networkConnectionEnabled: false, pageLoadStrategy: normal, platformName: WINDOWS, proxy: Proxy(), se:cdp: ws://localhost:56852/devtoo..., se:cdpVersion: 114.0.5735.110, setWindowRect: true, strictFileInteractability: false, timeouts: {implicit: 0, pageLoad: 300000, script: 30000}, unhandledPromptBehavior: dismiss and notify, webauthn:extension:credBlob: true, webauthn:extension:largeBlob: true, webauthn:extension:minPinLength: true, webauthn:extension:prf: true, webauthn:virtualAuthenticators: true}\nElement: [[ChromeDriver: chrome on WINDOWS (ebd16242f25d768390358f444a34c8fa)] -> xpath: //button[contains(text(),'Place Order')]]\nSession ID: ebd16242f25d768390358f444a34c8fa","statusTrace":"org.openqa.selenium.ElementClickInterceptedException: element click intercepted: Element is not clickable at point (1593, 615)\n  (Session info: chrome=114.0.5735.110)\nBuild info: version: '4.9.0', revision: 'd7057100a6'\nSystem info: os.name: 'Windows 11', os.arch: 'amd64', os.version: '10.0', java.version: '20.0.1'\nDriver info: org.openqa.selenium.chrome.ChromeDriver\nCommand: [ebd16242f25d768390358f444a34c8fa, clickElement {id=B1328A663769E4E5CC603B1AC85B4E2F_element_114}]\nCapabilities {acceptInsecureCerts: false, browserName: chrome, browserVersion: 114.0.5735.110, chrome: {chromedriverVersion: 114.0.5735.90 (386bc09e8f4f..., userDataDir: C:\\Users\\Jack\\AppData\\Local...}, goog:chromeOptions: {debuggerAddress: localhost:56852}, networkConnectionEnabled: false, pageLoadStrategy: normal, platformName: WINDOWS, proxy: Proxy(), se:cdp: ws://localhost:56852/devtoo..., se:cdpVersion: 114.0.5735.110, setWindowRect: true, strictFileInteractability: false, timeouts: {implicit: 0, pageLoad: 300000, script: 30000}, unhandledPromptBehavior: dismiss and notify, webauthn:extension:credBlob: true, webauthn:extension:largeBlob: true, webauthn:extension:minPinLength: true, webauthn:extension:prf: true, webauthn:virtualAuthenticators: true}\nElement: [[ChromeDriver: chrome on WINDOWS (ebd16242f25d768390358f444a34c8fa)] -> xpath: //button[contains(text(),'Place Order')]]\nSession ID: ebd16242f25d768390358f444a34c8fa\r\n\tat java.base/jdk.internal.reflect.DirectConstructorHandleAccessor.newInstance(DirectConstructorHandleAccessor.java:67)\r\n\tat java.base/java.lang.reflect.Constructor.newInstanceWithCaller(Constructor.java:500)\r\n\tat java.base/java.lang.reflect.Constructor.newInstance(Constructor.java:484)\r\n\tat org.openqa.selenium.remote.codec.w3c.W3CHttpResponseCodec.createException(W3CHttpResponseCodec.java:200)\r\n\tat org.openqa.selenium.remote.codec.w3c.W3CHttpResponseCodec.decode(W3CHttpResponseCodec.java:133)\r\n\tat org.openqa.selenium.remote.codec.w3c.W3CHttpResponseCodec.decode(W3CHttpResponseCodec.java:53)\r\n\tat org.openqa.selenium.remote.HttpCommandExecutor.execute(HttpCommandExecutor.java:193)\r\n\tat org.openqa.selenium.remote.service.DriverCommandExecutor.invokeExecute(DriverCommandExecutor.java:183)\r\n\tat org.openqa.selenium.remote.service.DriverCommandExecutor.execute(DriverCommandExecutor.java:158)\r\n\tat org.openqa.selenium.remote.RemoteWebDriver.execute(RemoteWebDriver.java:543)\r\n\tat org.openqa.selenium.remote.RemoteWebElement.execute(RemoteWebElement.java:257)\r\n\tat org.openqa.selenium.remote.RemoteWebElement.click(RemoteWebElement.java:78)\r\n\tat ui.utilities.UiHelperMethods.clickElement(UiHelperMethods.java:29)\r\n\tat ui.pages.OrderSummaryPage.clickPlaceOrderBtn(OrderSummaryPage.java:19)\r\n\tat ui.stepDefinitions.OrderSummarySteps.clickThePlaceOrderBtn(OrderSummarySteps.java:23)\r\n\tat ✽.I click the Place Order button on the order summary page(file:///C:/Users/Jack/javaWorkspace/AutomationProject/src/main/features/UI/OrderTests.feature:13)\r\n","steps":[{"name":"Given  I open the web app \"https://bulkymvc-jack.azurewebsites.net/\"","time":{"start":1686844312614,"stop":1686844317042,"duration":4428},"status":"passed","steps":[],"attachments":[],"parameters":[],"hasContent":false,"stepsCount":0,"shouldDisplayMessage":false,"attachmentsCount":0},{"name":"Given  I click the login link","time":{"start":1686844317043,"stop":1686844317709,"duration":666},"status":"passed","steps":[],"attachments":[],"parameters":[],"hasContent":false,"stepsCount":0,"shouldDisplayMessage":false,"attachmentsCount":0},{"name":"Given  I enter the username \"customer@email.com\" and password \"Test123!\"","time":{"start":1686844317710,"stop":1686844319179,"duration":1469},"status":"passed","steps":[],"attachments":[],"parameters":[],"hasContent":false,"stepsCount":0,"shouldDisplayMessage":false,"attachmentsCount":0},{"name":"Given  I click the details button for product \"Fortune of Time\"","time":{"start":1686844319180,"stop":1686844319851,"duration":671},"status":"passed","steps":[],"attachments":[],"parameters":[],"hasContent":false,"stepsCount":0,"shouldDisplayMessage":false,"attachmentsCount":0},{"name":"Given  I set the count to \"4\"","time":{"start":1686844319852,"stop":1686844320243,"duration":391},"status":"passed","steps":[],"attachments":[],"parameters":[],"hasContent":false,"stepsCount":0,"shouldDisplayMessage":false,"attachmentsCount":0},{"name":"Given  I click the Add To Cart button","time":{"start":1686844320244,"stop":1686844321209,"duration":965},"status":"passed","steps":[],"attachments":[],"parameters":[],"hasContent":false,"stepsCount":0,"shouldDisplayMessage":false,"attachmentsCount":0},{"name":"Given  I click the cart icon","time":{"start":1686844321209,"stop":1686844321803,"duration":594},"status":"passed","steps":[],"attachments":[],"parameters":[],"hasContent":false,"stepsCount":0,"shouldDisplayMessage":false,"attachmentsCount":0},{"name":"Given  I click the Summary button on the shopping cart page","time":{"start":1686844321804,"stop":1686844322305,"duration":501},"status":"passed","steps":[],"attachments":[],"parameters":[],"hasContent":false,"stepsCount":0,"shouldDisplayMessage":false,"attachmentsCount":0},{"name":"Given  I click the Place Order button on the order summary page","time":{"start":1686844322306,"stop":1686844323753,"duration":1447},"status":"broken","statusMessage":"element click intercepted: Element is not clickable at point (1593, 615)\n  (Session info: chrome=114.0.5735.110)\nBuild info: version: '4.9.0', revision: 'd7057100a6'\nSystem info: os.name: 'Windows 11', os.arch: 'amd64', os.version: '10.0', java.version: '20.0.1'\nDriver info: org.openqa.selenium.chrome.ChromeDriver\nCommand: [ebd16242f25d768390358f444a34c8fa, clickElement {id=B1328A663769E4E5CC603B1AC85B4E2F_element_114}]\nCapabilities {acceptInsecureCerts: false, browserName: chrome, browserVersion: 114.0.5735.110, chrome: {chromedriverVersion: 114.0.5735.90 (386bc09e8f4f..., userDataDir: C:\\Users\\Jack\\AppData\\Local...}, goog:chromeOptions: {debuggerAddress: localhost:56852}, networkConnectionEnabled: false, pageLoadStrategy: normal, platformName: WINDOWS, proxy: Proxy(), se:cdp: ws://localhost:56852/devtoo..., se:cdpVersion: 114.0.5735.110, setWindowRect: true, strictFileInteractability: false, timeouts: {implicit: 0, pageLoad: 300000, script: 30000}, unhandledPromptBehavior: dismiss and notify, webauthn:extension:credBlob: true, webauthn:extension:largeBlob: true, webauthn:extension:minPinLength: true, webauthn:extension:prf: true, webauthn:virtualAuthenticators: true}\nElement: [[ChromeDriver: chrome on WINDOWS (ebd16242f25d768390358f444a34c8fa)] -> xpath: //button[contains(text(),'Place Order')]]\nSession ID: ebd16242f25d768390358f444a34c8fa","statusTrace":"org.openqa.selenium.ElementClickInterceptedException: element click intercepted: Element is not clickable at point (1593, 615)\n  (Session info: chrome=114.0.5735.110)\nBuild info: version: '4.9.0', revision: 'd7057100a6'\nSystem info: os.name: 'Windows 11', os.arch: 'amd64', os.version: '10.0', java.version: '20.0.1'\nDriver info: org.openqa.selenium.chrome.ChromeDriver\nCommand: [ebd16242f25d768390358f444a34c8fa, clickElement {id=B1328A663769E4E5CC603B1AC85B4E2F_element_114}]\nCapabilities {acceptInsecureCerts: false, browserName: chrome, browserVersion: 114.0.5735.110, chrome: {chromedriverVersion: 114.0.5735.90 (386bc09e8f4f..., userDataDir: C:\\Users\\Jack\\AppData\\Local...}, goog:chromeOptions: {debuggerAddress: localhost:56852}, networkConnectionEnabled: false, pageLoadStrategy: normal, platformName: WINDOWS, proxy: Proxy(), se:cdp: ws://localhost:56852/devtoo..., se:cdpVersion: 114.0.5735.110, setWindowRect: true, strictFileInteractability: false, timeouts: {implicit: 0, pageLoad: 300000, script: 30000}, unhandledPromptBehavior: dismiss and notify, webauthn:extension:credBlob: true, webauthn:extension:largeBlob: true, webauthn:extension:minPinLength: true, webauthn:extension:prf: true, webauthn:virtualAuthenticators: true}\nElement: [[ChromeDriver: chrome on WINDOWS (ebd16242f25d768390358f444a34c8fa)] -> xpath: //button[contains(text(),'Place Order')]]\nSession ID: ebd16242f25d768390358f444a34c8fa\r\n\tat java.base/jdk.internal.reflect.DirectConstructorHandleAccessor.newInstance(DirectConstructorHandleAccessor.java:67)\r\n\tat java.base/java.lang.reflect.Constructor.newInstanceWithCaller(Constructor.java:500)\r\n\tat java.base/java.lang.reflect.Constructor.newInstance(Constructor.java:484)\r\n\tat org.openqa.selenium.remote.codec.w3c.W3CHttpResponseCodec.createException(W3CHttpResponseCodec.java:200)\r\n\tat org.openqa.selenium.remote.codec.w3c.W3CHttpResponseCodec.decode(W3CHttpResponseCodec.java:133)\r\n\tat org.openqa.selenium.remote.codec.w3c.W3CHttpResponseCodec.decode(W3CHttpResponseCodec.java:53)\r\n\tat org.openqa.selenium.remote.HttpCommandExecutor.execute(HttpCommandExecutor.java:193)\r\n\tat org.openqa.selenium.remote.service.DriverCommandExecutor.invokeExecute(DriverCommandExecutor.java:183)\r\n\tat org.openqa.selenium.remote.service.DriverCommandExecutor.execute(DriverCommandExecutor.java:158)\r\n\tat org.openqa.selenium.remote.RemoteWebDriver.execute(RemoteWebDriver.java:543)\r\n\tat org.openqa.selenium.remote.RemoteWebElement.execute(RemoteWebElement.java:257)\r\n\tat org.openqa.selenium.remote.RemoteWebElement.click(RemoteWebElement.java:78)\r\n\tat ui.utilities.UiHelperMethods.clickElement(UiHelperMethods.java:29)\r\n\tat ui.pages.OrderSummaryPage.clickPlaceOrderBtn(OrderSummaryPage.java:19)\r\n\tat ui.stepDefinitions.OrderSummarySteps.clickThePlaceOrderBtn(OrderSummarySteps.java:23)\r\n\tat ✽.I click the Place Order button on the order summary page(file:///C:/Users/Jack/javaWorkspace/AutomationProject/src/main/features/UI/OrderTests.feature:13)\r\n","steps":[],"attachments":[],"parameters":[],"hasContent":true,"stepsCount":0,"shouldDisplayMessage":true,"attachmentsCount":0},{"name":"When  I enter the credit card details on the stripe redirect page and click pay","time":{"start":1686844323754,"stop":1686844323754,"duration":0},"status":"skipped","steps":[],"attachments":[],"parameters":[],"hasContent":false,"stepsCount":0,"shouldDisplayMessage":false,"attachmentsCount":0},{"name":"Then  I am notified the order is placed successfully","time":{"start":1686844323754,"stop":1686844323755,"duration":1},"status":"skipped","steps":[],"attachments":[],"parameters":[],"hasContent":false,"stepsCount":0,"shouldDisplayMessage":false,"attachmentsCount":0}],"attachments":[],"parameters":[],"hasContent":true,"stepsCount":11,"shouldDisplayMessage":false,"attachmentsCount":0},"afterStages":[{"name":"ui.stepDefinitions.ContextSteps.tearDown(io.cucumber.java.Scenario)","time":{"start":1686844323756,"stop":1686844324196,"duration":440},"status":"passed","steps":[],"attachments":[{"uid":"a4e07039ebe3a040","name":"./Screenshots/Create an Order_1506231652.png","source":"a4e07039ebe3a040.png","type":"image/png","size":25618}],"parameters":[],"hasContent":true,"stepsCount":0,"shouldDisplayMessage":false,"attachmentsCount":1}],"labels":[{"name":"tag","value":"TestNG"},{"name":"host","value":"DESKTOP-JI2ECR3"},{"name":"thread","value":"19464@DESKTOP-JI2ECR3.main(1)"},{"name":"feature","value":"Order Tests as Customer - Bulky Web App"},{"name":"story","value":"Create an Order"},{"name":"suite","value":"Order Tests as Customer - Bulky Web App"},{"name":"testClass","value":"Create an Order"},{"name":"framework","value":"cucumber4jvm"},{"name":"language","value":"java"},{"name":"gherkin_uri","value":"file:///C:/Users/Jack/javaWorkspace/AutomationProject/src/main/features/UI/OrderTests.feature"},{"name":"package","value":"src.main.features.UI.OrderTests_feature.Order Tests as Customer - Bulky Web App"},{"name":"resultFormat","value":"allure2"}],"parameters":[],"links":[],"hidden":true,"retry":true,"extra":{"categories":[],"tags":["TestNG"]},"source":"52a5d010aff16425.json","parameterValues":[]}